[
    "dm.ichunqiu.com", 
    "msg.ichunqiu.com", 
    "vpn.ichunqiu.com", 
    "count.ichunqiu.com", 
    "mail.ichunqiu.com", 
    "u.ichunqiu.com", 
    "p.ichunqiu.com", 
    "wx.ichunqiu.com", 
    "user.ichunqiu.com", 
    "static.ichunqiu.com", 
    "ichunqiu.com", 
    "share.ichunqiu.com", 
    "static2.ichunqiu.com", 
    "www.ichunqiu.com", 
    "wiki.ichunqiu.com", 
    "ai.ichunqiu.com", 
    "open.ichunqiu.com", 
    "t.ichunqiu.com", 
    "mv.ichunqiu.com", 
    "bbs.ichunqiu.com", 
    "h5.ichunqiu.com", 
    "api.ichunqiu.com"
]